c:\users\jaeyo shin\source\repos\of root\apps\myapps\waterfall\obj\x64\debug\vc141.pdb
c:\users\jaeyo shin\source\repos\of root\apps\myapps\waterfall\obj\x64\debug\water_line.obj
c:\users\jaeyo shin\source\repos\of root\apps\myapps\waterfall\obj\x64\debug\src\ofapp.obj
c:\users\jaeyo shin\source\repos\of root\apps\myapps\waterfall\obj\x64\debug\src\main.obj
c:\users\jaeyo shin\source\repos\of root\apps\myapps\waterfall\bin\waterfall_debug.exe
c:\users\jaeyo shin\source\repos\of root\apps\myapps\waterfall\bin\waterfall_debug.ilk
c:\users\jaeyo shin\source\repos\of root\apps\myapps\waterfall\bin\waterfall_debug.pdb
c:\users\jaeyo shin\source\repos\of root\apps\myapps\waterfall\obj\x64\debug\icon.res
c:\users\jaeyo shin\source\repos\of root\apps\myapps\waterfall\bin\waterfall_debug.lib
c:\users\jaeyo shin\source\repos\of root\apps\myapps\waterfall\bin\waterfall_debug.exp
c:\users\jaeyo shin\source\repos\of root\apps\myapps\waterfall\obj\x64\debug\waterfall.tlog\cl.command.1.tlog
c:\users\jaeyo shin\source\repos\of root\apps\myapps\waterfall\obj\x64\debug\waterfall.tlog\cl.read.1.tlog
c:\users\jaeyo shin\source\repos\of root\apps\myapps\waterfall\obj\x64\debug\waterfall.tlog\cl.write.1.tlog
c:\users\jaeyo shin\source\repos\of root\apps\myapps\waterfall\obj\x64\debug\waterfall.tlog\link.command.1.tlog
c:\users\jaeyo shin\source\repos\of root\apps\myapps\waterfall\obj\x64\debug\waterfall.tlog\link.delete.1.tlog
c:\users\jaeyo shin\source\repos\of root\apps\myapps\waterfall\obj\x64\debug\waterfall.tlog\link.read.1.tlog
c:\users\jaeyo shin\source\repos\of root\apps\myapps\waterfall\obj\x64\debug\waterfall.tlog\link.write.1.tlog
c:\users\jaeyo shin\source\repos\of root\apps\myapps\waterfall\obj\x64\debug\waterfall.tlog\rc.command.1.tlog
c:\users\jaeyo shin\source\repos\of root\apps\myapps\waterfall\obj\x64\debug\waterfall.tlog\rc.read.1.tlog
c:\users\jaeyo shin\source\repos\of root\apps\myapps\waterfall\obj\x64\debug\waterfall.tlog\rc.write.1.tlog
c:\users\jaeyo shin\source\repos\of root\apps\myapps\waterfall\obj\x64\debug\waterfall.tlog\waterfall.write.1u.tlog
